d:\_учёба_\5сем\сп\лабораторные\sp_lab05\lab5\os13_htcom\x64\debug\os13_htcom.pch
d:\_учёба_\5сем\сп\лабораторные\sp_lab05\lab5\os13_htcom\x64\debug\vc143.pdb
d:\_учёба_\5сем\сп\лабораторные\sp_lab05\lab5\os13_htcom\x64\debug\vc143.idb
d:\_учёба_\5сем\сп\лабораторные\sp_lab05\lab5\os13_htcom\x64\debug\pch.obj
d:\_учёба_\5сем\сп\лабораторные\sp_lab05\lab5\os13_htcom\x64\debug\registry.obj
d:\_учёба_\5сем\сп\лабораторные\sp_lab05\lab5\os13_htcom\x64\debug\exportfunctions.obj
d:\_учёба_\5сем\сп\лабораторные\sp_lab05\lab5\os13_htcom\x64\debug\dllmain.obj
d:\_учёба_\5сем\сп\лабораторные\sp_lab05\lab5\os13_htcom\x64\debug\componentht.obj
d:\_учёба_\5сем\сп\лабораторные\sp_lab05\lab5\os13_htcom\x64\debug\classfactory.obj
d:\_учёба_\5сем\сп\лабораторные\sp_lab05\lab5\os13_htcom\x64\debug\os13_htcom.ilk
d:\_учёба_\5сем\сп\лабораторные\sp_lab05\lab5\x64\debug\os13_htcom.dll
d:\_учёба_\5сем\сп\лабораторные\sp_lab05\lab5\x64\debug\os13_htcom.pdb
d:\_учёба_\5сем\сп\лабораторные\sp_lab05\lab5\x64\debug\os13_htcom.lib
d:\_учёба_\5сем\сп\лабораторные\sp_lab05\lab5\x64\debug\os13_htcom.exp
d:\_учёба_\5сем\сп\лабораторные\sp_lab05\lab5\os13_htcom\x64\debug\os13_htcom.tlog\cl.command.1.tlog
d:\_учёба_\5сем\сп\лабораторные\sp_lab05\lab5\os13_htcom\x64\debug\os13_htcom.tlog\cl.items.tlog
d:\_учёба_\5сем\сп\лабораторные\sp_lab05\lab5\os13_htcom\x64\debug\os13_htcom.tlog\cl.read.1.tlog
d:\_учёба_\5сем\сп\лабораторные\sp_lab05\lab5\os13_htcom\x64\debug\os13_htcom.tlog\cl.write.1.tlog
d:\_учёба_\5сем\сп\лабораторные\sp_lab05\lab5\os13_htcom\x64\debug\os13_htcom.tlog\link.command.1.tlog
d:\_учёба_\5сем\сп\лабораторные\sp_lab05\lab5\os13_htcom\x64\debug\os13_htcom.tlog\link.read.1.tlog
d:\_учёба_\5сем\сп\лабораторные\sp_lab05\lab5\os13_htcom\x64\debug\os13_htcom.tlog\link.write.1.tlog
d:\_учёба_\5сем\сп\лабораторные\sp_lab05\lab5\os13_htcom\x64\debug\os13_htcom.tlog\link.write.2u.tlog
