d:\_учёба_\5сем\сп\лабораторные\2\sp02\sp02_com\x64\debug\vc143.pdb
d:\_учёба_\5сем\сп\лабораторные\2\sp02\sp02_com\x64\debug\vc143.idb
d:\_учёба_\5сем\сп\лабораторные\2\sp02\sp02_com\x64\debug\sp02.obj
d:\_учёба_\5сем\сп\лабораторные\2\sp02\sp02_com\x64\debug\registry.obj
d:\_учёба_\5сем\сп\лабораторные\2\sp02\sp02_com\x64\debug\install.obj
d:\_учёба_\5сем\сп\лабораторные\2\sp02\sp02_com\x64\debug\dllmain.obj
d:\_учёба_\5сем\сп\лабораторные\2\sp02\sp02_com\x64\debug\com.obj
d:\_учёба_\5сем\сп\лабораторные\2\sp02\sp02_com\x64\debug\cfactory.obj
d:\_учёба_\5сем\сп\лабораторные\2\sp02\x64\debug\sp02_com.lib
d:\_учёба_\5сем\сп\лабораторные\2\sp02\x64\debug\sp02_com.exp
d:\_учёба_\5сем\сп\лабораторные\2\sp02\x64\debug\sp02_com.dll
d:\_учёба_\5сем\сп\лабораторные\2\sp02\sp02_com\x64\debug\sp02_com.ilk
d:\_учёба_\5сем\сп\лабораторные\2\sp02\x64\debug\sp02_com.pdb
d:\_учёба_\5сем\сп\лабораторные\2\sp02\sp02_com\x64\debug\sp02_com.tlog\cl.command.1.tlog
d:\_учёба_\5сем\сп\лабораторные\2\sp02\sp02_com\x64\debug\sp02_com.tlog\cl.items.tlog
d:\_учёба_\5сем\сп\лабораторные\2\sp02\sp02_com\x64\debug\sp02_com.tlog\cl.read.1.tlog
d:\_учёба_\5сем\сп\лабораторные\2\sp02\sp02_com\x64\debug\sp02_com.tlog\cl.write.1.tlog
d:\_учёба_\5сем\сп\лабораторные\2\sp02\sp02_com\x64\debug\sp02_com.tlog\link.command.1.tlog
d:\_учёба_\5сем\сп\лабораторные\2\sp02\sp02_com\x64\debug\sp02_com.tlog\link.read.1.tlog
d:\_учёба_\5сем\сп\лабораторные\2\sp02\sp02_com\x64\debug\sp02_com.tlog\link.write.1.tlog
d:\_учёба_\5сем\сп\лабораторные\2\sp02\sp02_com\x64\debug\sp02_com.tlog\link.write.2u.tlog
