Current user name|XoJIo
openWithoutAuth|D:/403.ht
isMapFile|false
openWithoutAuth|trying to open from file
creating file mapping |Global\403.ht-filemapping
current mutex|0x0000000000000230
0
openHtFromFile|htHandle=0x00000250b52a0000
openWithoutAuth|htHandle=0x00000250b52a0000
true
true
spanshotAsync success
spanshotAsync success
spanshotAsync success
spanshotAsync success
Current user name|XoJIo
openWithoutAuth|d:/403.ht
isMapFile|true
openWithoutAuth|trying to open from map name
opening file mapping |Global\403.ht-filemapping
openHtFromMapName|htHandle=0x000001f2d0fcfeb0
openWithoutAuth|htHandle=0x000001f2d0fcfeb0
spanshotAsync success
spanshotAsync success
spanshotAsync success
Current user name|XoJIo
openWithoutAuth|d:/403.ht
isMapFile|true
openWithoutAuth|trying to open from map name
opening file mapping |Global\403.ht-filemapping
openHtFromMapName|htHandle=0x000002e6b41dc0c0
openWithoutAuth|htHandle=0x000002e6b41dc0c0
spanshotAsync success
spanshotAsync success
spanshotAsync success
spanshotAsync success
Current user name|XoJIo
openWithoutAuth|d:/403.ht
isMapFile|true
openWithoutAuth|trying to open from map name
opening file mapping |Global\403.ht-filemapping
openHtFromMapName|htHandle=0x000001f0fc1c0140
openWithoutAuth|htHandle=0x000001f0fc1c0140
spanshotAsync success
spanshotAsync success
spanshotAsync success
spanshotAsync success
spanshotAsync success
spanshotAsync success
spanshotAsync success
spanshotAsync success
spanshotAsync success
spanshotAsync success
spanshotAsync success
spanshotAsync success
spanshotAsync success
spanshotAsync success
spanshotAsync success
spanshotAsync success
spanshotAsync success
spanshotAsync success
spanshotAsync success
spanshotAsync success
spanshotAsync success
spanshotAsync success
spanshotAsync success
spanshotAsync success
spanshotAsync success
spanshotAsync success
spanshotAsync success
spanshotAsync success
spanshotAsync success
spanshotAsync success
spanshotAsync success
spanshotAsync success
spanshotAsync success
spanshotAsync success
spanshotAsync success
spanshotAsync success
spanshotAsync success
spanshotAsync success
spanshotAsync success
spanshotAsync success
spanshotAsync success
spanshotAsync success
spanshotAsync success
spanshotAsync success
spanshotAsync success
spanshotAsync success
spanshotAsync success
spanshotAsync success
spanshotAsync success
spanshotAsync success
spanshotAsync success
spanshotAsync success
spanshotAsync success
spanshotAsync success
spanshotAsync success
spanshotAsync success
spanshotAsync success
spanshotAsync success
spanshotAsync success
spanshotAsync success
spanshotAsync success
spanshotAsync success
spanshotAsync success
spanshotAsync success
spanshotAsync success
spanshotAsync success
spanshotAsync success
spanshotAsync success
spanshotAsync success
spanshotAsync success
spanshotAsync success
spanshotAsync success
spanshotAsync success
spanshotAsync success
spanshotAsync success
spanshotAsync success
spanshotAsync success
spanshotAsync success
spanshotAsync success
spanshotAsync success
spanshotAsync success
spanshotAsync success
spanshotAsync success
spanshotAsync success
spanshotAsync success
spanshotAsync success
spanshotAsync success
spanshotAsync success
spanshotAsync success
spanshotAsync success
spanshotAsync success
spanshotAsync success
spanshotAsync success
spanshotAsync success
spanshotAsync success
spanshotAsync success
spanshotAsync success
spanshotAsync success
spanshotAsync success
spanshotAsync success
spanshotAsync success
spanshotAsync success
spanshotAsync success
spanshotAsync success
spanshotAsync success
spanshotAsync success
spanshotAsync success
spanshotAsync success
spanshotAsync success
spanshotAsync success
spanshotAsync success
spanshotAsync success
spanshotAsync success
spanshotAsync success
spanshotAsync success
spanshotAsync success
spanshotAsync success
spanshotAsync success
spanshotAsync success
spanshotAsync success
spanshotAsync success
spanshotAsync success
spanshotAsync success
spanshotAsync success
spanshotAsync success
spanshotAsync success
spanshotAsync success
spanshotAsync success
spanshotAsync success
spanshotAsync success
spanshotAsync success
spanshotAsync success
spanshotAsync success
spanshotAsync success
spanshotAsync success
spanshotAsync success
spanshotAsync success
spanshotAsync success
spanshotAsync success
spanshotAsync success
spanshotAsync success
spanshotAsync success
spanshotAsync success
spanshotAsync success
spanshotAsync success
spanshotAsync success
spanshotAsync success
spanshotAsync success
spanshotAsync success
spanshotAsync success
spanshotAsync success
spanshotAsync success
spanshotAsync success
spanshotAsync success
spanshotAsync success
spanshotAsync success
spanshotAsync success
spanshotAsync success
spanshotAsync success
spanshotAsync success
spanshotAsync success
spanshotAsync success
spanshotAsync success
spanshotAsync success
spanshotAsync success
spanshotAsync success
spanshotAsync success
spanshotAsync success
spanshotAsync success
spanshotAsync success
spanshotAsync success
spanshotAsync success
spanshotAsync success
spanshotAsync success
spanshotAsync success
spanshotAsync success
spanshotAsync success
spanshotAsync success
spanshotAsync success
spanshotAsync success
spanshotAsync success
spanshotAsync success
spanshotAsync success
spanshotAsync success
spanshotAsync success
spanshotAsync success
spanshotAsync success
spanshotAsync success
spanshotAsync success
spanshotAsync success
spanshotAsync success
spanshotAsync success
spanshotAsync success
spanshotAsync success
spanshotAsync success
spanshotAsync success
spanshotAsync success
spanshotAsync success
spanshotAsync success
spanshotAsync success
spanshotAsync success
spanshotAsync success
spanshotAsync success
spanshotAsync success
spanshotAsync success
spanshotAsync success
spanshotAsync success
spanshotAsync success
spanshotAsync success
spanshotAsync success
spanshotAsync success
spanshotAsync success
spanshotAsync success
spanshotAsync success
spanshotAsync success
spanshotAsync success
spanshotAsync success
spanshotAsync success
spanshotAsync success
spanshotAsync success
spanshotAsync success
spanshotAsync success
spanshotAsync success
spanshotAsync success
spanshotAsync success
spanshotAsync success
spanshotAsync success
spanshotAsync success
spanshotAsync success
spanshotAsync success
spanshotAsync success
spanshotAsync success
spanshotAsync success
spanshotAsync success
spanshotAsync success
spanshotAsync success
spanshotAsync success
spanshotAsync success
spanshotAsync success
spanshotAsync success
spanshotAsync success
spanshotAsync success
spanshotAsync success
spanshotAsync success
spanshotAsync success
spanshotAsync success
spanshotAsync success
spanshotAsync success
spanshotAsync success
spanshotAsync success
spanshotAsync success
spanshotAsync success
spanshotAsync success
spanshotAsync success
spanshotAsync success
spanshotAsync success
spanshotAsync success
spanshotAsync success
spanshotAsync success
spanshotAsync success
spanshotAsync success
spanshotAsync success
spanshotAsync success
spanshotAsync success
spanshotAsync success
spanshotAsync success
spanshotAsync success
spanshotAsync success
spanshotAsync success
spanshotAsync success
spanshotAsync success
spanshotAsync success
spanshotAsync success
spanshotAsync success
spanshotAsync success
spanshotAsync success
spanshotAsync success
spanshotAsync success
spanshotAsync success
spanshotAsync success
spanshotAsync success
spanshotAsync success
spanshotAsync success
spanshotAsync success
spanshotAsync success
spanshotAsync success
spanshotAsync success
spanshotAsync success
spanshotAsync success
spanshotAsync success
spanshotAsync success
spanshotAsync success
spanshotAsync success
spanshotAsync success
spanshotAsync success
spanshotAsync success
spanshotAsync success
spanshotAsync success
spanshotAsync success
spanshotAsync success
spanshotAsync success
spanshotAsync success
spanshotAsync success
spanshotAsync success
spanshotAsync success
spanshotAsync success
spanshotAsync success
spanshotAsync success
spanshotAsync success
spanshotAsync success
spanshotAsync success
spanshotAsync success
spanshotAsync success
spanshotAsync success
spanshotAsync success
spanshotAsync success
spanshotAsync success
spanshotAsync success
spanshotAsync success
spanshotAsync success
spanshotAsync success
spanshotAsync success
spanshotAsync success
spanshotAsync success
spanshotAsync success
spanshotAsync success
spanshotAsync success
spanshotAsync success
spanshotAsync success
spanshotAsync success
spanshotAsync success
spanshotAsync success
spanshotAsync success
spanshotAsync success
spanshotAsync success
spanshotAsync success
spanshotAsync success
spanshotAsync success
spanshotAsync success
spanshotAsync success
spanshotAsync success
spanshotAsync success
spanshotAsync success
spanshotAsync success
spanshotAsync success
spanshotAsync success
spanshotAsync success
spanshotAsync success
spanshotAsync success
spanshotAsync success
spanshotAsync success
spanshotAsync success
spanshotAsync success
spanshotAsync success
spanshotAsync success
spanshotAsync success
spanshotAsync success
spanshotAsync success
spanshotAsync success
spanshotAsync success
spanshotAsync success
spanshotAsync success
spanshotAsync success
spanshotAsync success
spanshotAsync success
spanshotAsync success
spanshotAsync success
spanshotAsync success
spanshotAsync success
spanshotAsync success
spanshotAsync success
spanshotAsync success
spanshotAsync success
spanshotAsync success
spanshotAsync success
spanshotAsync success
spanshotAsync success
spanshotAsync success
spanshotAsync success
spanshotAsync success
spanshotAsync success
spanshotAsync success
spanshotAsync success
spanshotAsync success
spanshotAsync success
spanshotAsync success
spanshotAsync success
spanshotAsync success
spanshotAsync success
spanshotAsync success
spanshotAsync success
spanshotAsync success
spanshotAsync success
spanshotAsync success
spanshotAsync success
spanshotAsync success
spanshotAsync success
spanshotAsync success
spanshotAsync success
spanshotAsync success
spanshotAsync success
spanshotAsync success
spanshotAsync success
spanshotAsync success
spanshotAsync success
spanshotAsync success
spanshotAsync success
spanshotAsync success
spanshotAsync success
spanshotAsync success
spanshotAsync success
spanshotAsync success
spanshotAsync success
spanshotAsync success
spanshotAsync success
spanshotAsync success
spanshotAsync success
spanshotAsync success
spanshotAsync success
spanshotAsync success
spanshotAsync success
spanshotAsync success
spanshotAsync success
spanshotAsync success
spanshotAsync success
spanshotAsync success
spanshotAsync success
spanshotAsync success
spanshotAsync success
spanshotAsync success
spanshotAsync success
spanshotAsync success
spanshotAsync success
spanshotAsync success
spanshotAsync success
spanshotAsync success
spanshotAsync success
spanshotAsync success
spanshotAsync success
spanshotAsync success
spanshotAsync success
spanshotAsync success
spanshotAsync success
spanshotAsync success
spanshotAsync success
spanshotAsync success
spanshotAsync success
spanshotAsync success
spanshotAsync success
spanshotAsync success
spanshotAsync success
spanshotAsync success
spanshotAsync success
spanshotAsync success
spanshotAsync success
spanshotAsync success
spanshotAsync success
spanshotAsync success
spanshotAsync success
spanshotAsync success
spanshotAsync success
spanshotAsync success
spanshotAsync success
spanshotAsync success
spanshotAsync success
spanshotAsync success
spanshotAsync success
spanshotAsync success
spanshotAsync success
spanshotAsync success
spanshotAsync success
spanshotAsync success
spanshotAsync success
spanshotAsync success
spanshotAsync success
spanshotAsync success
spanshotAsync success
spanshotAsync success
spanshotAsync success
spanshotAsync success
spanshotAsync success
spanshotAsync success
spanshotAsync success
spanshotAsync success
spanshotAsync success
spanshotAsync success
spanshotAsync success
spanshotAsync success
spanshotAsync success
spanshotAsync success
spanshotAsync success
spanshotAsync success
spanshotAsync success
spanshotAsync success
spanshotAsync success
spanshotAsync success
spanshotAsync success
spanshotAsync success
spanshotAsync success
spanshotAsync success
spanshotAsync success
spanshotAsync success
spanshotAsync success
spanshotAsync success
spanshotAsync success
spanshotAsync success
spanshotAsync success
spanshotAsync success
spanshotAsync success
spanshotAsync success
spanshotAsync success
spanshotAsync success
spanshotAsync success
spanshotAsync success
spanshotAsync success
spanshotAsync success
spanshotAsync success
spanshotAsync success
spanshotAsync success
spanshotAsync success
spanshotAsync success
spanshotAsync success
spanshotAsync success
spanshotAsync success
spanshotAsync success
spanshotAsync success
spanshotAsync success
spanshotAsync success
spanshotAsync success
spanshotAsync success
spanshotAsync success
spanshotAsync success
spanshotAsync success
spanshotAsync success
spanshotAsync success
spanshotAsync success
spanshotAsync success
spanshotAsync success
spanshotAsync success
spanshotAsync success
spanshotAsync success
spanshotAsync success
spanshotAsync success
spanshotAsync success
spanshotAsync success
spanshotAsync success
spanshotAsync success
spanshotAsync success
spanshotAsync success
spanshotAsync success
spanshotAsync success
spanshotAsync success
spanshotAsync success
spanshotAsync success
spanshotAsync success
spanshotAsync success
spanshotAsync success
spanshotAsync success
spanshotAsync success
spanshotAsync success
spanshotAsync success
spanshotAsync success
spanshotAsync success
spanshotAsync success
spanshotAsync success
spanshotAsync success
spanshotAsync success
spanshotAsync success
spanshotAsync success
spanshotAsync success
spanshotAsync success
spanshotAsync success
spanshotAsync success
spanshotAsync success
spanshotAsync success
spanshotAsync success
spanshotAsync success
spanshotAsync success
spanshotAsync success
spanshotAsync success
spanshotAsync success
spanshotAsync success
spanshotAsync success
spanshotAsync success
spanshotAsync success
spanshotAsync success
spanshotAsync success
spanshotAsync success
spanshotAsync success
spanshotAsync success
spanshotAsync success
spanshotAsync success
spanshotAsync success
spanshotAsync success
spanshotAsync success
spanshotAsync success
spanshotAsync success
spanshotAsync success
spanshotAsync success
spanshotAsync success
spanshotAsync success
spanshotAsync success
spanshotAsync success
spanshotAsync success
spanshotAsync success
spanshotAsync success
spanshotAsync success
spanshotAsync success
spanshotAsync success
spanshotAsync success
spanshotAsync success
spanshotAsync success
spanshotAsync success
spanshotAsync success
spanshotAsync success
spanshotAsync success
spanshotAsync success
spanshotAsync success
spanshotAsync success
spanshotAsync success
spanshotAsync success
spanshotAsync success
spanshotAsync success
spanshotAsync success
spanshotAsync success
spanshotAsync success
spanshotAsync success
spanshotAsync success
spanshotAsync success
spanshotAsync success
spanshotAsync success
spanshotAsync success
spanshotAsync success
spanshotAsync success
spanshotAsync success
spanshotAsync success
spanshotAsync success
spanshotAsync success
spanshotAsync success
spanshotAsync success
spanshotAsync success
spanshotAsync success
spanshotAsync success
spanshotAsync success
spanshotAsync success
spanshotAsync success
spanshotAsync success
spanshotAsync success
spanshotAsync success
spanshotAsync success
spanshotAsync success
spanshotAsync success
spanshotAsync success
spanshotAsync success
spanshotAsync success
spanshotAsync success
spanshotAsync success
spanshotAsync success
spanshotAsync success
spanshotAsync success
spanshotAsync success
spanshotAsync success
spanshotAsync success
spanshotAsync success
spanshotAsync success
spanshotAsync success
spanshotAsync success
spanshotAsync success
spanshotAsync success
spanshotAsync success
spanshotAsync success
spanshotAsync success
spanshotAsync success
spanshotAsync success
spanshotAsync success
spanshotAsync success
spanshotAsync success
spanshotAsync success
spanshotAsync success
spanshotAsync success
spanshotAsync success
spanshotAsync success
spanshotAsync success
spanshotAsync success
spanshotAsync success
spanshotAsync success
spanshotAsync success
spanshotAsync success
spanshotAsync success
spanshotAsync success
spanshotAsync success
spanshotAsync success
spanshotAsync success
spanshotAsync success
spanshotAsync success
spanshotAsync success
spanshotAsync success
spanshotAsync success
spanshotAsync success
spanshotAsync success
spanshotAsync success
spanshotAsync success
spanshotAsync success
spanshotAsync success
spanshotAsync success
spanshotAsync success
spanshotAsync success
spanshotAsync success
spanshotAsync success
spanshotAsync success
spanshotAsync success
spanshotAsync success
spanshotAsync success
spanshotAsync success
spanshotAsync success
spanshotAsync success
spanshotAsync success
spanshotAsync success
spanshotAsync success
spanshotAsync success
spanshotAsync success
spanshotAsync success
spanshotAsync success
spanshotAsync success
spanshotAsync success
spanshotAsync success
spanshotAsync success
spanshotAsync success
spanshotAsync success
spanshotAsync success
spanshotAsync success
spanshotAsync success
spanshotAsync success
spanshotAsync success
spanshotAsync success
spanshotAsync success
spanshotAsync success
spanshotAsync success
spanshotAsync success
spanshotAsync success
spanshotAsync success
spanshotAsync success
spanshotAsync success
spanshotAsync success
spanshotAsync success
spanshotAsync success
spanshotAsync success
spanshotAsync success
spanshotAsync success
spanshotAsync success
spanshotAsync success
spanshotAsync success
spanshotAsync success
spanshotAsync success
spanshotAsync success
spanshotAsync success
spanshotAsync success
spanshotAsync success
spanshotAsync success
spanshotAsync success
spanshotAsync success
spanshotAsync success
spanshotAsync success
spanshotAsync success
spanshotAsync success
spanshotAsync success
spanshotAsync success
spanshotAsync success
spanshotAsync success
spanshotAsync success
spanshotAsync success
spanshotAsync success
spanshotAsync success
spanshotAsync success
spanshotAsync success
spanshotAsync success
spanshotAsync success
spanshotAsync success
spanshotAsync success
spanshotAsync success
spanshotAsync success
spanshotAsync success
spanshotAsync success
spanshotAsync success
spanshotAsync success
spanshotAsync success
spanshotAsync success
spanshotAsync success
spanshotAsync success
spanshotAsync success
spanshotAsync success
spanshotAsync success
spanshotAsync success
spanshotAsync success
spanshotAsync success
spanshotAsync success
spanshotAsync success
spanshotAsync success
spanshotAsync success
spanshotAsync success
spanshotAsync success
spanshotAsync success
spanshotAsync success
spanshotAsync success
spanshotAsync success
spanshotAsync success
spanshotAsync success
spanshotAsync success
spanshotAsync success
spanshotAsync success
spanshotAsync success
spanshotAsync success
spanshotAsync success
spanshotAsync success
spanshotAsync success
spanshotAsync success
spanshotAsync success
spanshotAsync success
spanshotAsync success
spanshotAsync success
spanshotAsync success
spanshotAsync success
spanshotAsync success
spanshotAsync success
spanshotAsync success
spanshotAsync success
spanshotAsync success
spanshotAsync success
spanshotAsync success
spanshotAsync success
spanshotAsync success
spanshotAsync success
spanshotAsync success
spanshotAsync success
spanshotAsync success
spanshotAsync success
spanshotAsync success
spanshotAsync success
spanshotAsync success
spanshotAsync success
