Start service
stopEventPtr|0x0000000000000198|name|Global\Stop
Current user name: XoJIo
–ò–Ω–∏—Ü–∏–∞–ª–∏–∑–∞—Ü–∏—è –∫–æ–º–ø–æ–Ω–µ–Ω—Ç–∞:
before bind
after bind
–°–µ—Ä–≤–µ—Ä –Ω–∞—á–∞–ª –ø—Ä–æ—Å–ª—É—à–∫—É
HT-Storage Start
filename: D:/403.ht
secSnapshotInterval: 1
capacity: 50
maxKeyLength: 5
maxPayloadLength: 30
service running = 0
service running = 1
service running = 2
service running = 3
service running = 4
service running = 5
service running = 6
service running = 7
service running = 8
service running = 9
service running = 10
service running = 11
service running = 12
service running = 13
service running = 14
service running = 15
service running = 16
service running = 17
service running = 18
service running = 19
service running = 20
service running = 21
service running = 22
service running = 23
service running = 24
service running = 25
service running = 26
service running = 27
service running = 28
service running = 29
service running = 30
service running = 31
service running = 32
service running = 33
service running = 34
service running = 35
service running = 36
service running = 37
service running = 38
service running = 39
service running = 40
service running = 41
service running = 42
service running = 43
service running = 44
service running = 45
service running = 46
service running = 47
service running = 48
service running = 49
service running = 50
service running = 51
service running = 52
service running = 53
service running = 54
service running = 55
service running = 56
service running = 57
service running = 58
service running = 59
service running = 60
service running = 61
service running = 62
service running = 63
service running = 64
service running = 65
service running = 66
service running = 67
service running = 68
service running = 69
service running = 70
service running = 71
service running = 72
service running = 73
service running = 74
service running = 75
service running = 76
service running = 77
service running = 78
service running = 79
service running = 80
service running = 81
service running = 82
service running = 83
service running = 84
service running = 85
service running = 86
service running = 87
service running = 88
service running = 89
service running = 90
service running = 91
service running = 92
service running = 93
service running = 94
service running = 95
service running = 96
service running = 97
service running = 98
service running = 99
service running = 100
service running = 101
service running = 102
service running = 103
service running = 104
service running = 105
service running = 106
service running = 107
service running = 108
service running = 109
service running = 110
service running = 111
service running = 112
service running = 113
service running = 114
service running = 115
service running = 116
service running = 117
service running = 118
service running = 119
service running = 120
service running = 121
service running = 122
service running = 123
service running = 124
service running = 125
service running = 126
service running = 127
service running = 128
service running = 129
service running = 130
service running = 131
service running = 132
service running = 133
service running = 134
service running = 135
service running = 136
service running = 137
service running = 138
service running = 139
service running = 140
service running = 141
service running = 142
service running = 143
service running = 144
service running = 145
service running = 146
service running = 147
service running = 148
service running = 149
service running = 150
service running = 151
service running = 152
service running = 153
service running = 154
service running = 155
service running = 156
service running = 157
service running = 158
service running = 159
service running = 160
service running = 161
service running = 162
service running = 163
service running = 164
service running = 165
service running = 166
service running = 167
service running = 168
service running = 169
service running = 170
service running = 171
service running = 172
service running = 173
service running = 174
service running = 175
service running = 176
service running = 177
service running = 178
service running = 179
service running = 180
service running = 181
service running = 182
service running = 183
service running = 184
service running = 185
service running = 186
service running = 187
service running = 188
service running = 189
service running = 190
service running = 191
service running = 192
service running = 193
service running = 194
service running = 195
service running = 196
service running = 197
service running = 198
service running = 199
service running = 200
service running = 201
service running = 202
service running = 203
service running = 204
service running = 205
service running = 206
service running = 207
service running = 208
service running = 209
service running = 210
service running = 211
service running = 212
service running = 213
service running = 214
service running = 215
service running = 216
service running = 217
service running = 218
service running = 219
service running = 220
service running = 221
service running = 222
service running = 223
service running = 224
service running = 225
service running = 226
service running = 227
service running = 228
service running = 229
service running = 230
service running = 231
service running = 232
service running = 233
service running = 234
service running = 235
service running = 236
service running = 237
service running = 238
service running = 239
service running = 240
service running = 241
service running = 242
service running = 243
service running = 244
service running = 245
service running = 246
service running = 247
service running = 248
service running = 249
service running = 250
service running = 251
service running = 252
service running = 253
service running = 254
service running = 255
service running = 256
service running = 257
service running = 258
service running = 259
service running = 260
service running = 261
service running = 262
service running = 263
service running = 264
service running = 265
service running = 266
service running = 267
service running = 268
service running = 269
service running = 270
service running = 271
service running = 272
service running = 273
service running = 274
service running = 275
service running = 276
service running = 277
service running = 278
service running = 279
service running = 280
service running = 281
service running = 282
service running = 283
service running = 284
Stop service
WSAGetLastError: accept:–‡·ÓÚ‡ ÙÛÌÍˆËË ÔÂ‚‡Ì‡
